[debug] [2024-10-01T14:56:34.116Z] ----------------------------------------------------------------------
[debug] [2024-10-01T14:56:34.118Z] Command:       /nix/store/aspnwxp3q1wvg8jd1zg0295zmhr3lkb3-nodejs-18.19.1/bin/node /nix/store/ffh7wfr8iwmjp4jlqhykaq11v43wiif7-firebase-tools-12.4.8/lib/node_modules/firebase-tools/lib/bin/firebase.js login --no-localhost
[debug] [2024-10-01T14:56:34.119Z] CLI Version:   12.4.8
[debug] [2024-10-01T14:56:34.119Z] Platform:      linux
[debug] [2024-10-01T14:56:34.119Z] Node Version:  v18.19.1
[debug] [2024-10-01T14:56:34.119Z] Time:          Tue Oct 01 2024 14:56:34 GMT+0000 (Coordinated Universal Time)
[debug] [2024-10-01T14:56:34.120Z] ----------------------------------------------------------------------
[debug] 
[debug] [2024-10-01T14:56:34.129Z] >>> [apiv2][query] GET https://firebase-public.firebaseio.com/cli.json [none]
[debug] [2024-10-01T14:56:34.272Z] Object "" in "firebase.json" has unknown property: {"additionalProperty":"flutter"}
[info] i  Firebase optionally collects CLI and Emulator Suite usage and error reporting information to help improve our products. Data is collected in accordance with Google's privacy policy (https://policies.google.com/privacy) and is not used to identify you.
 
[debug] [2024-10-01T14:56:34.517Z] <<< [apiv2][status] GET https://firebase-public.firebaseio.com/cli.json 200
[debug] [2024-10-01T14:56:34.517Z] <<< [apiv2][body] GET https://firebase-public.firebaseio.com/cli.json {"cloudBuildErrorAfter":1594252800000,"cloudBuildWarnAfter":1590019200000,"defaultNode10After":1594252800000,"minVersion":"3.0.5","node8DeploysDisabledAfter":1613390400000,"node8RuntimeDisabledAfter":1615809600000,"node8WarnAfter":1600128000000}
[info] i  To change your data collection preference at any time, run `firebase logout` and log in again. 
[debug] [2024-10-01T14:56:49.206Z] >>> [apiv2][query] POST https://auth.firebase.tools/attest [none]
[debug] [2024-10-01T14:56:49.206Z] >>> [apiv2][body] POST https://auth.firebase.tools/attest {"session_id":"cdca9a0c-4242-42cf-914c-b61b8f5e6e5d"}
[debug] [2024-10-01T14:56:49.581Z] <<< [apiv2][status] POST https://auth.firebase.tools/attest 200
[debug] [2024-10-01T14:56:49.581Z] <<< [apiv2][body] POST https://auth.firebase.tools/attest {"token":"Kv-appCFbXJqsGuUjLLaugepn1kzieHnaf65jQDitlk"}
[info] 
[info] To sign in to the Firebase CLI:
[info] 
[info] 1. Take note of your session ID:
[info] 
[info]    CDCA9
[info] 
[info] 2. Visit the URL below on any device and follow the instructions to get your code:
[info] 
[info]    https://auth.firebase.tools/login?code_challenge=9bQrGaGVx6iga--2KeJiySvMNBDBk4ZVs877f0TMJDM&session=cdca9a0c-4242-42cf-914c-b61b8f5e6e5d&attest=Kv-appCFbXJqsGuUjLLaugepn1kzieHnaf65jQDitlk
[info] 
[info] 3. Paste or enter the authorization code below once you have it:
[info] 
